<?xml version="1.0" encoding="UTF-8"?>
<testng-results ignored="0" total="1" passed="1" failed="0" skipped="0">
  <reporter-output>
  </reporter-output>
  <suite started-at="2025-11-16T11:00:44 IST" name="Surefire suite" finished-at="2025-11-16T11:00:47 IST" duration-ms="2711">
    <groups>
    </groups>
    <test started-at="2025-11-16T11:00:44 IST" name="Surefire test" finished-at="2025-11-16T11:00:47 IST" duration-ms="2711">
      <class name="tests.LoginTest">
        <test-method is-config="true" signature="setUp(java.lang.String)[pri:0, instance:tests.LoginTest@1139b2f3]" started-at="2025-11-16T11:00:44 IST" name="setUp" finished-at="2025-11-16T11:00:45 IST" duration-ms="1275" status="PASS">
          <params>
            <param index="0">
              <value>
                <![CDATA[chrome]]>
              </value>
            </param>
          </params>
          <reporter-output>
          </reporter-output>
        </test-method> <!-- setUp -->
        <test-method signature="validLogin(java.lang.String,java.lang.String,java.lang.String)[pri:0, instance:tests.LoginTest@1139b2f3]" started-at="2025-11-16T11:00:45 IST" name="validLogin" finished-at="2025-11-16T11:00:47 IST" duration-ms="1232" status="PASS">
          <params>
            <param index="0">
              <value>
                <![CDATA[https://www.saucedemo.com/]]>
              </value>
            </param>
            <param index="1">
              <value>
                <![CDATA[standard_user]]>
              </value>
            </param>
            <param index="2">
              <value>
                <![CDATA[secret_sauce]]>
              </value>
            </param>
          </params>
          <reporter-output>
          </reporter-output>
        </test-method> <!-- validLogin -->
        <test-method is-config="true" signature="tearDown()[pri:0, instance:tests.LoginTest@1139b2f3]" started-at="2025-11-16T11:00:47 IST" name="tearDown" finished-at="2025-11-16T11:00:47 IST" duration-ms="172" status="PASS">
          <reporter-output>
          </reporter-output>
        </test-method> <!-- tearDown -->
      </class> <!-- tests.LoginTest -->
    </test> <!-- Surefire test -->
  </suite> <!-- Surefire suite -->
</testng-results>
