<?xml version="1.0" encoding="UTF-8"?>
<testng-results ignored="0" total="1" passed="1" failed="0" skipped="0">
  <reporter-output>
  </reporter-output>
  <suite started-at="2025-11-16T11:10:30 IST" name="Default suite" finished-at="2025-11-16T11:10:37 IST" duration-ms="7780">
    <groups>
    </groups>
    <test started-at="2025-11-16T11:10:30 IST" name="Default test" finished-at="2025-11-16T11:10:37 IST" duration-ms="7780">
      <class name="tests.LoginTest">
        <test-method is-config="true" signature="setUp(java.lang.String)[pri:0, instance:tests.LoginTest@74e52ef6]" started-at="2025-11-16T11:10:30 IST" name="setUp" finished-at="2025-11-16T11:10:31 IST" duration-ms="1282" status="PASS">
          <params>
            <param index="0">
              <value>
                <![CDATA[chrome]]>
              </value>
            </param>
          </params>
          <reporter-output>
          </reporter-output>
        </test-method> <!-- setUp -->
        <test-method signature="validLogin(java.lang.String,java.lang.String,java.lang.String)[pri:0, instance:tests.LoginTest@74e52ef6]" started-at="2025-11-16T11:10:31 IST" name="validLogin" finished-at="2025-11-16T11:10:37 IST" duration-ms="6344" status="PASS">
          <params>
            <param index="0">
              <value>
                <![CDATA[https://www.saucedemo.com/]]>
              </value>
            </param>
            <param index="1">
              <value>
                <![CDATA[standard_user]]>
              </value>
            </param>
            <param index="2">
              <value>
                <![CDATA[secret_sauce]]>
              </value>
            </param>
          </params>
          <reporter-output>
          </reporter-output>
        </test-method> <!-- validLogin -->
        <test-method is-config="true" signature="tearDown()[pri:0, instance:tests.LoginTest@74e52ef6]" started-at="2025-11-16T11:10:37 IST" name="tearDown" finished-at="2025-11-16T11:10:37 IST" duration-ms="120" status="PASS">
          <reporter-output>
          </reporter-output>
        </test-method> <!-- tearDown -->
      </class> <!-- tests.LoginTest -->
    </test> <!-- Default test -->
  </suite> <!-- Default suite -->
</testng-results>
